Using pre-set license
Built from '2020.3/staging' branch; Version is '2020.3.25f1 (9b9180224418) revision 10195328'; Using compiler version '192528614'; Build Type 'Release'
OS: 'Windows 10  (10.0.19042) 64bit Core' Language: 'en' Physical Memory: 32469 MB
BatchMode: 1, IsHumanControllingUs: 0, StartBugReporterOnCrash: 0, Is64bit: 1, IsPro: 0

COMMAND LINE ARGUMENTS:
C:\Program Files\Unity\Hub\Editor\2020.3.25f1\Editor\Unity.exe
-adb2
-batchMode
-noUpm
-name
AssetImportWorker0
-projectPath
D:/SeniorProject/VR Kitchen
-logFile
Logs/AssetImportWorker0.log
-srvPort
57820
Successfully changed project path to: D:/SeniorProject/VR Kitchen
D:/SeniorProject/VR Kitchen
Using Asset Import Pipeline V2.
Refreshing native plugins compatible for Editor in 38.06 ms, found 10 plugins.
Preloading 1 native plugins for Editor in 0.67 ms.
Initialize engine version: 2020.3.25f1 (9b9180224418)
[Subsystems] Discovering subsystems at path C:/Program Files/Unity/Hub/Editor/2020.3.25f1/Editor/Data/Resources/UnitySubsystems
[Subsystems] Discovering subsystems at path D:/SeniorProject/VR Kitchen/Assets
GfxDevice: creating device client; threaded=0
Direct3D:
    Version:  Direct3D 11.0 [level 11.1]
    Renderer: NVIDIA GeForce RTX 3080 Laptop GPU (ID=0x249c)
    Vendor:   
    VRAM:     16201 MB
    Driver:   27.21.14.6221
Initialize mono
Mono path[0] = 'C:/Program Files/Unity/Hub/Editor/2020.3.25f1/Editor/Data/Managed'
Mono path[1] = 'C:/Program Files/Unity/Hub/Editor/2020.3.25f1/Editor/Data/MonoBleedingEdge/lib/mono/unityjit'
Mono config path = 'C:/Program Files/Unity/Hub/Editor/2020.3.25f1/Editor/Data/MonoBleedingEdge/etc'
Using monoOptions --debugger-agent=transport=dt_socket,embedding=1,server=y,suspend=n,address=127.0.0.1:56896
Begin MonoManager ReloadAssembly
Registering precompiled unity dll's ...
Register platform support module: C:/Program Files/Unity/Hub/Editor/2020.3.25f1/Editor/Data/PlaybackEngines/WebGLSupport/UnityEditor.WebGL.Extensions.dll
Register platform support module: C:/Program Files/Unity/Hub/Editor/2020.3.25f1/Editor/Data/PlaybackEngines/WindowsStandaloneSupport/UnityEditor.WindowsStandalone.Extensions.dll
Registered in 0.001539 seconds.
Native extension for WindowsStandalone target not found
Native extension for WebGL target not found
Refreshing native plugins compatible for Editor in 45.06 ms, found 10 plugins.
Preloading 1 native plugins for Editor in 0.04 ms.
Mono: successfully reloaded assembly
- Completed reload, in  0.400 seconds
Domain Reload Profiling:
	ReloadAssembly (401ms)
		BeginReloadAssembly (34ms)
			ExecutionOrderSort (0ms)
			DisableScriptedObjects (0ms)
			BackupInstance (0ms)
			ReleaseScriptingObjects (0ms)
			CreateAndSetChildDomain (1ms)
		EndReloadAssembly (317ms)
			LoadAssemblies (33ms)
			RebuildTransferFunctionScriptingTraits (0ms)
			SetupTypeCache (96ms)
			ReleaseScriptCaches (0ms)
			RebuildScriptCaches (19ms)
			SetupLoadedEditorAssemblies (131ms)
				LogAssemblyErrors (0ms)
				InitializePlatformSupportModulesInManaged (4ms)
				SetLoadedEditorAssemblies (0ms)
				RefreshPlugins (45ms)
				BeforeProcessingInitializeOnLoad (12ms)
				ProcessInitializeOnLoadAttributes (53ms)
				ProcessInitializeOnLoadMethodAttributes (17ms)
				AfterProcessingInitializeOnLoad (0ms)
				EditorAssembliesLoaded (0ms)
			ExecutionOrderSort2 (0ms)
			AwakeInstancesAfterBackupRestoration (0ms)
Platform modules already initialized, skipping
Registering precompiled user dll's ...
Registered in 0.004243 seconds.
Begin MonoManager ReloadAssembly
Native extension for WindowsStandalone target not found
Native extension for WebGL target not found
Refreshing native plugins compatible for Editor in 32.47 ms, found 10 plugins.
Preloading 1 native plugins for Editor in 0.03 ms.
[XR] OculusXRPlugin: registering subsystems
[XR] Unable to register display lifecyle provider: [1]
[XR] Oculus Input lifecycle provider registered.
[XR] Unable to register input lifecyle provider: [1]
System.Reflection.TargetInvocationException: Exception has been thrown by the target of an invocation. ---> System.NullReferenceException: Object reference not set to an instance of an object
  at Unity.XR.Oculus.OculusLoader.AssetPathToAbsolutePath (System.String assetPath) [0x00048] in D:\SeniorProject\VR Kitchen\Library\PackageCache\com.unity.xr.oculus@1.11.0\Runtime\OculusLoader.cs:250 
  at Unity.XR.Oculus.OculusLoader.EditorLoadOVRPlugin () [0x0007b] in D:\SeniorProject\VR Kitchen\Library\PackageCache\com.unity.xr.oculus@1.11.0\Runtime\OculusLoader.cs:235 
  at (wrapper managed-to-native) System.Reflection.MonoMethod.InternalInvoke(System.Reflection.MonoMethod,object,object[],System.Exception&)
  at System.Reflection.MonoMethod.Invoke (System.Object obj, System.Reflection.BindingFlags invokeAttr, System.Reflection.Binder binder, System.Object[] parameters, System.Globalization.CultureInfo culture) [0x00032] in <695d1cc93cca45069c528c15c9fdd749>:0 
   --- End of inner exception stack trace ---
  at System.Reflection.MonoMethod.Invoke (System.Object obj, System.Reflection.BindingFlags invokeAttr, System.Reflection.Binder binder, System.Object[] parameters, System.Globalization.CultureInfo culture) [0x00048] in <695d1cc93cca45069c528c15c9fdd749>:0 
  at System.Reflection.MethodBase.Invoke (System.Object obj, System.Object[] parameters) [0x00000] in <695d1cc93cca45069c528c15c9fdd749>:0 
  at UnityEditor.EditorAssemblies.ProcessInitializeOnLoadMethodAttributes () [0x00047] in <7ac35247888b44f4a7e290f1f6bb33f3>:0 
UnityEngine.StackTraceUtility:ExtractStackTrace ()
UnityEngine.DebugLogHandler:LogFormat (UnityEngine.LogType,UnityEngine.Object,string,object[])
UnityEngine.Logger:Log (UnityEngine.LogType,object)
UnityEngine.Debug:LogError (object)
UnityEditor.EditorAssemblies:ProcessInitializeOnLoadMethodAttributes ()

Mono: successfully reloaded assembly
- Completed reload, in  0.801 seconds
Domain Reload Profiling:
	ReloadAssembly (802ms)
		BeginReloadAssembly (90ms)
			ExecutionOrderSort (0ms)
			DisableScriptedObjects (3ms)
			BackupInstance (0ms)
			ReleaseScriptingObjects (0ms)
			CreateAndSetChildDomain (14ms)
		EndReloadAssembly (672ms)
			LoadAssemblies (56ms)
			RebuildTransferFunctionScriptingTraits (0ms)
			SetupTypeCache (193ms)
			ReleaseScriptCaches (0ms)
			RebuildScriptCaches (32ms)
			SetupLoadedEditorAssemblies (308ms)
				LogAssemblyErrors (0ms)
				InitializePlatformSupportModulesInManaged (3ms)
				SetLoadedEditorAssemblies (0ms)
				RefreshPlugins (33ms)
				BeforeProcessingInitializeOnLoad (54ms)
				ProcessInitializeOnLoadAttributes (197ms)
				ProcessInitializeOnLoadMethodAttributes (16ms)
				AfterProcessingInitializeOnLoad (4ms)
				EditorAssembliesLoaded (0ms)
			ExecutionOrderSort2 (0ms)
			AwakeInstancesAfterBackupRestoration (4ms)
Platform modules already initialized, skipping
========================================================================
Worker process is ready to serve import requests
Launched and connected shader compiler UnityShaderCompiler.exe after 0.03 seconds
Refreshing native plugins compatible for Editor in 0.60 ms, found 10 plugins.
Preloading 1 native plugins for Editor in 0.04 ms.
Unloading 2158 Unused Serialized files (Serialized files now loaded: 0)
System memory in use before: 92.2 MB.
System memory in use after: 92.3 MB.

Unloading 40 unused Assets to reduce memory usage. Loaded Objects now: 2582.
Total: 2.319900 ms (FindLiveObjects: 0.117200 ms CreateObjectMapping: 0.029500 ms MarkObjects: 2.112300 ms  DeleteObjects: 0.060200 ms)

AssetImportParameters requested are different than current active one (requested -> active):
  custom:framework-win-MediaFoundation: 216162199b28c13a410421893ffa2e32 -> 
  custom:video-decoder-ogg-theora: a1e56fd34408186e4bbccfd4996cb3dc -> 
  custom:container-muxer-webm: aa71ff27fc2769a1b78a27578f13a17b -> 
  custom:container-demuxer-webm: 4f35f7cbe854078d1ac9338744f61a02 -> 
  custom:container-demuxer-ogg: 62fdf1f143b41e24485cea50d1cbac27 -> 
  custom:video-encoder-webm-vp8: eb34c28f22e8b96e1ab97ce403110664 -> 
  custom:video-decoder-webm-vp8: 9c59270c3fd7afecdb556c50c9e8de78 -> 
  custom:audio-decoder-ogg-vorbis: bf7c407c2cedff20999df2af8eb42d56 -> 
  custom:audio-encoder-webm-vorbis: bf7c407c2cedff20999df2af8eb42d56 -> 
========================================================================
Received Import Request.
  path: Assets/ImportedAssets/Alstrainfinite/KitchenAppliances/Prefabs
  artifactKey: Guid(657babed12cee9a4aa7f31cc9efe2082) Importer(815301076,1909f56bfc062723c751e8b465ee728b)
Start importing Assets/ImportedAssets/Alstrainfinite/KitchenAppliances/Prefabs using Guid(657babed12cee9a4aa7f31cc9efe2082) Importer(815301076,1909f56bfc062723c751e8b465ee728b)  -> (artifact id: '4ea680f1cc40816d12bb520d1dc7b735') in 0.030408 seconds 
  Import took 0.033030 seconds .

========================================================================
Received Import Request.
  Time since last request: 0.482790 seconds.
  path: Assets/ImportedAssets/Alstrainfinite/KitchenAppliances/Prefabs/Coffee Maker.prefab
  artifactKey: Guid(026bbb898b925f54b9fc6523b72e5933) Importer(815301076,1909f56bfc062723c751e8b465ee728b)
Start importing Assets/ImportedAssets/Alstrainfinite/KitchenAppliances/Prefabs/Coffee Maker.prefab using Guid(026bbb898b925f54b9fc6523b72e5933) Importer(815301076,1909f56bfc062723c751e8b465ee728b)  -> (artifact id: 'c46b66020ba72e22698d4d464771f734') in 0.089922 seconds 
  Import took 0.092693 seconds .

========================================================================
Received Import Request.
  Time since last request: 1.632594 seconds.
  path: Assets/ImportedAssets/Alstrainfinite/KitchenAppliances/Prefabs/AirFryer.prefab
  artifactKey: Guid(fbfe382c29a4ab547a520eb7084a534c) Importer(815301076,1909f56bfc062723c751e8b465ee728b)
Start importing Assets/ImportedAssets/Alstrainfinite/KitchenAppliances/Prefabs/AirFryer.prefab using Guid(fbfe382c29a4ab547a520eb7084a534c) Importer(815301076,1909f56bfc062723c751e8b465ee728b)  -> (artifact id: 'af5643af99f7f767eaa0ba2c512b2877') in 0.026840 seconds 
  Import took 0.029594 seconds .

========================================================================
Received Import Request.
  Time since last request: 0.660768 seconds.
  path: Assets/ImportedAssets/Alstrainfinite/KitchenAppliances/Prefabs/Fridge_SBS.prefab
  artifactKey: Guid(51ed19930404371458e8d3152edbad78) Importer(815301076,1909f56bfc062723c751e8b465ee728b)
Start importing Assets/ImportedAssets/Alstrainfinite/KitchenAppliances/Prefabs/Fridge_SBS.prefab using Guid(51ed19930404371458e8d3152edbad78) Importer(815301076,1909f56bfc062723c751e8b465ee728b)  -> (artifact id: 'ebed888dee3e4bacc2139864918a59bf') in 0.021724 seconds 
  Import took 0.024594 seconds .

========================================================================
Received Import Request.
  Time since last request: 135.763217 seconds.
  path: Assets/ImportedAssets/FurnishedCabin/Prefabs/PFB_Toilet.prefab
  artifactKey: Guid(7a8fd6e5d2a1848aba8436a31780d21d) Importer(815301076,1909f56bfc062723c751e8b465ee728b)
Start importing Assets/ImportedAssets/FurnishedCabin/Prefabs/PFB_Toilet.prefab using Guid(7a8fd6e5d2a1848aba8436a31780d21d) Importer(815301076,1909f56bfc062723c751e8b465ee728b)  -> (artifact id: '477b162dd9e95f62fe94f26c3a7d8638') in 0.215261 seconds 
  Import took 0.218098 seconds .

========================================================================
Received Import Request.
  Time since last request: 0.199056 seconds.
  path: Assets/ImportedAssets/FurnishedCabin/Prefabs/PFB_SofaSmall.prefab
  artifactKey: Guid(7c906863315f9f64da34fd6af330be55) Importer(815301076,1909f56bfc062723c751e8b465ee728b)
Start importing Assets/ImportedAssets/FurnishedCabin/Prefabs/PFB_SofaSmall.prefab using Guid(7c906863315f9f64da34fd6af330be55) Importer(815301076,1909f56bfc062723c751e8b465ee728b)  -> (artifact id: '34fba635c6fe2d03cb05dc675037a4fc') in 0.089768 seconds 
  Import took 0.092608 seconds .

========================================================================
Received Import Request.
  Time since last request: 2.119255 seconds.
  path: Assets/ImportedAssets/FurnishedCabin/Prefabs/PFB_Building_Full.prefab
  artifactKey: Guid(23d25b2e2d4364dd4b92c52ef40cd36e) Importer(815301076,1909f56bfc062723c751e8b465ee728b)
Start importing Assets/ImportedAssets/FurnishedCabin/Prefabs/PFB_Building_Full.prefab using Guid(23d25b2e2d4364dd4b92c52ef40cd36e) Importer(815301076,1909f56bfc062723c751e8b465ee728b)  -> (artifact id: 'e5c00c2b058621db90bf352d0fd4f318') in 1.846136 seconds 
  Import took 1.858130 seconds .

========================================================================
Received Import Request.
  Time since last request: 26.799954 seconds.
  path: Assets/ImportedAssets/FurnishedCabin/Prefabs/PFB_Carpet.prefab
  artifactKey: Guid(d1202bf32ad4d33409f594a0d6a4b480) Importer(815301076,1909f56bfc062723c751e8b465ee728b)
Start importing Assets/ImportedAssets/FurnishedCabin/Prefabs/PFB_Carpet.prefab using Guid(d1202bf32ad4d33409f594a0d6a4b480) Importer(815301076,1909f56bfc062723c751e8b465ee728b)  -> (artifact id: 'd5ee0379214a219c1587d9f40f81c1b0') in 0.382174 seconds 
  Import took 0.385335 seconds .

========================================================================
Received Import Request.
  Time since last request: 4.930554 seconds.
  path: Assets/ImportedAssets/FurnishedCabin/Prefabs/PFB_Building_Full.prefab
  artifactKey: Guid(23d25b2e2d4364dd4b92c52ef40cd36e) Importer(815301076,1909f56bfc062723c751e8b465ee728b)
Start importing Assets/ImportedAssets/FurnishedCabin/Prefabs/PFB_Building_Full.prefab using Guid(23d25b2e2d4364dd4b92c52ef40cd36e) Importer(815301076,1909f56bfc062723c751e8b465ee728b)  -> (artifact id: '46e31c3d4f0c8deba1e245de704247ef') in 1.950266 seconds 
  Import took 1.959535 seconds .

========================================================================
Received Import Request.
  Time since last request: 23.484903 seconds.
  path: Assets/Prefabs/Stove.prefab
  artifactKey: Guid(17ebcde779de6df4c9718a5e8d645ddd) Importer(815301076,1909f56bfc062723c751e8b465ee728b)
Start importing Assets/Prefabs/Stove.prefab using Guid(17ebcde779de6df4c9718a5e8d645ddd) Importer(815301076,1909f56bfc062723c751e8b465ee728b)  -> (artifact id: '948275ae7cdd949842e2f15aefb3f3d9') in 0.040705 seconds 
  Import took 0.044004 seconds .

========================================================================
Received Import Request.
  Time since last request: 973.222325 seconds.
  path: Assets/ImportedAssets/FurnishedCabin
  artifactKey: Guid(862ecc4a375fb4a1c83b251d54c8277e) Importer(815301076,1909f56bfc062723c751e8b465ee728b)
Start importing Assets/ImportedAssets/FurnishedCabin using Guid(862ecc4a375fb4a1c83b251d54c8277e) Importer(815301076,1909f56bfc062723c751e8b465ee728b)  -> (artifact id: '78d87c8a75a3ce815d78cabc49d7e8b6') in 0.324477 seconds 
  Import took 0.328154 seconds .

========================================================================
Received Import Request.
  Time since last request: 2.794107 seconds.
  path: Assets/ImportedAssets/Alstrainfinite/KitchenAppliances/Models
  artifactKey: Guid(091d9f0df1f5c714d99a3e3ccb16b67c) Importer(815301076,1909f56bfc062723c751e8b465ee728b)
Start importing Assets/ImportedAssets/Alstrainfinite/KitchenAppliances/Models using Guid(091d9f0df1f5c714d99a3e3ccb16b67c) Importer(815301076,1909f56bfc062723c751e8b465ee728b)  -> (artifact id: '564539b1b47f4e6976b5e9e86b161b95') in 0.003819 seconds 
  Import took 0.006938 seconds .

========================================================================
Received Import Request.
  Time since last request: 2.426579 seconds.
  path: Assets/ImportedAssets/Alstrainfinite/KitchenAppliances/Prefabs/Washer.prefab
  artifactKey: Guid(f767cce13dd852b4cbd5894364ae969e) Importer(815301076,1909f56bfc062723c751e8b465ee728b)
Start importing Assets/ImportedAssets/Alstrainfinite/KitchenAppliances/Prefabs/Washer.prefab using Guid(f767cce13dd852b4cbd5894364ae969e) Importer(815301076,1909f56bfc062723c751e8b465ee728b)  -> (artifact id: '07e3cfd1ac2b6ec73b94647e1f552e23') in 0.023885 seconds 
  Import took 0.026775 seconds .

========================================================================
Received Import Request.
  Time since last request: 0.658075 seconds.
  path: Assets/ImportedAssets/Alstrainfinite/KitchenAppliances/Prefabs/Stovetop.prefab
  artifactKey: Guid(eb766ebb61571b14baf76b08c8426daa) Importer(815301076,1909f56bfc062723c751e8b465ee728b)
Start importing Assets/ImportedAssets/Alstrainfinite/KitchenAppliances/Prefabs/Stovetop.prefab using Guid(eb766ebb61571b14baf76b08c8426daa) Importer(815301076,1909f56bfc062723c751e8b465ee728b)  -> (artifact id: '0ef9258785712b22adef026e6a0443c5') in 0.070592 seconds 
  Import took 0.073451 seconds .

========================================================================
Received Import Request.
  Time since last request: 0.588706 seconds.
  path: Assets/ImportedAssets/Alstrainfinite/KitchenAppliances/Prefabs/Stove.prefab
  artifactKey: Guid(158f818f5cdf7f54f8cb6f3b74f535c8) Importer(815301076,1909f56bfc062723c751e8b465ee728b)
Start importing Assets/ImportedAssets/Alstrainfinite/KitchenAppliances/Prefabs/Stove.prefab using Guid(158f818f5cdf7f54f8cb6f3b74f535c8) Importer(815301076,1909f56bfc062723c751e8b465ee728b)  -> (artifact id: '48a4001b0f755f20b4be1229ebf7f2a9') in 0.013305 seconds 
  Import took 0.016314 seconds .

========================================================================
Received Import Request.
  Time since last request: 4.695764 seconds.
  path: Assets/ImportedAssets/Alstrainfinite/KitchenAppliances/Prefabs/Mixer.prefab
  artifactKey: Guid(0bd166eac535dfd43bc28b43190b289a) Importer(815301076,1909f56bfc062723c751e8b465ee728b)
Start importing Assets/ImportedAssets/Alstrainfinite/KitchenAppliances/Prefabs/Mixer.prefab using Guid(0bd166eac535dfd43bc28b43190b289a) Importer(815301076,1909f56bfc062723c751e8b465ee728b)  -> (artifact id: '36c97de55a1145927d720a397d774a9f') in 0.012896 seconds 
  Import took 0.015777 seconds .

========================================================================
Received Import Request.
  Time since last request: 0.735474 seconds.
  path: Assets/ImportedAssets/Alstrainfinite/KitchenAppliances/Prefabs/Microwave_Oven.prefab
  artifactKey: Guid(189a9280397c2594ba84092398c84bb3) Importer(815301076,1909f56bfc062723c751e8b465ee728b)
Start importing Assets/ImportedAssets/Alstrainfinite/KitchenAppliances/Prefabs/Microwave_Oven.prefab using Guid(189a9280397c2594ba84092398c84bb3) Importer(815301076,1909f56bfc062723c751e8b465ee728b)  -> (artifact id: '326af401724e5423ffae4f2f8261ec01') in 0.011590 seconds 
  Import took 0.015263 seconds .

========================================================================
Received Import Request.
  Time since last request: 2.053728 seconds.
  path: Assets/ImportedAssets/Alstrainfinite/KitchenAppliances/Prefabs/Fridge.prefab
  artifactKey: Guid(7b5ec1159cb969d4a8fe69fddc2f17d8) Importer(815301076,1909f56bfc062723c751e8b465ee728b)
Start importing Assets/ImportedAssets/Alstrainfinite/KitchenAppliances/Prefabs/Fridge.prefab using Guid(7b5ec1159cb969d4a8fe69fddc2f17d8) Importer(815301076,1909f56bfc062723c751e8b465ee728b)  -> (artifact id: '87136667a9628b5188652db7d44c8330') in 0.015422 seconds 
  Import took 0.018371 seconds .

========================================================================
Received Import Request.
  Time since last request: 0.989616 seconds.
  path: Assets/ImportedAssets/Alstrainfinite/KitchenAppliances/Prefabs/FanV2.prefab
  artifactKey: Guid(08d28eaef00b28b41aefefc354079323) Importer(815301076,1909f56bfc062723c751e8b465ee728b)
Start importing Assets/ImportedAssets/Alstrainfinite/KitchenAppliances/Prefabs/FanV2.prefab using Guid(08d28eaef00b28b41aefefc354079323) Importer(815301076,1909f56bfc062723c751e8b465ee728b)  -> (artifact id: 'a9d02642404791b99009608cddac76f5') in 0.047324 seconds 
  Import took 0.050252 seconds .

========================================================================
Received Import Request.
  Time since last request: 17.154867 seconds.
  path: Assets/ImportedAssets/Alstrainfinite/KitchenAppliances/Prefabs/Fan.prefab
  artifactKey: Guid(f14d1ac6dacfc0242bed295f91ed3591) Importer(815301076,1909f56bfc062723c751e8b465ee728b)
Start importing Assets/ImportedAssets/Alstrainfinite/KitchenAppliances/Prefabs/Fan.prefab using Guid(f14d1ac6dacfc0242bed295f91ed3591) Importer(815301076,1909f56bfc062723c751e8b465ee728b)  -> (artifact id: '18b762e781f79595fa4a3a9d3d174d77') in 0.010867 seconds 
  Import took 0.014331 seconds .

========================================================================
Received Import Request.
  Time since last request: 334.149040 seconds.
  path: Assets/ImportedAssets/Simple Foods/Prefab Form/AppleGreen.prefab
  artifactKey: Guid(cfdb452e7316b42e894aa2cb2179004f) Importer(815301076,1909f56bfc062723c751e8b465ee728b)
Start importing Assets/ImportedAssets/Simple Foods/Prefab Form/AppleGreen.prefab using Guid(cfdb452e7316b42e894aa2cb2179004f) Importer(815301076,1909f56bfc062723c751e8b465ee728b)  -> (artifact id: '45bf12985237b83baca711b9fe70215e') in 0.012055 seconds 
  Import took 0.015815 seconds .

========================================================================
Received Import Request.
  Time since last request: 0.628410 seconds.
  path: Assets/ImportedAssets/Simple Foods/Prefab Form/AppleRed.prefab
  artifactKey: Guid(273b0a646bf4f410c898f350686cf95d) Importer(815301076,1909f56bfc062723c751e8b465ee728b)
Start importing Assets/ImportedAssets/Simple Foods/Prefab Form/AppleRed.prefab using Guid(273b0a646bf4f410c898f350686cf95d) Importer(815301076,1909f56bfc062723c751e8b465ee728b)  -> (artifact id: 'db71bbf923c651608ecfc679f8c0907c') in 0.010606 seconds 
  Import took 0.013619 seconds .

========================================================================
Received Import Request.
  Time since last request: 0.625768 seconds.
  path: Assets/ImportedAssets/Simple Foods/Prefab Form/BreadRoll.prefab
  artifactKey: Guid(0de69a46455f344d58a7dcaf12e541f2) Importer(815301076,1909f56bfc062723c751e8b465ee728b)
Start importing Assets/ImportedAssets/Simple Foods/Prefab Form/BreadRoll.prefab using Guid(0de69a46455f344d58a7dcaf12e541f2) Importer(815301076,1909f56bfc062723c751e8b465ee728b)  -> (artifact id: 'eeb5a61d8c90909259916a689f5ca337') in 0.021245 seconds 
  Import took 0.024267 seconds .

========================================================================
Received Import Request.
  Time since last request: 0.607588 seconds.
  path: Assets/ImportedAssets/Simple Foods/Prefab Form/BreadSlice.prefab
  artifactKey: Guid(fb6a049bc22594c0c9a7206681a88d3b) Importer(815301076,1909f56bfc062723c751e8b465ee728b)
Start importing Assets/ImportedAssets/Simple Foods/Prefab Form/BreadSlice.prefab using Guid(fb6a049bc22594c0c9a7206681a88d3b) Importer(815301076,1909f56bfc062723c751e8b465ee728b)  -> (artifact id: '6fb3e98a2239b5106d781b5ba2daa4a7') in 0.018297 seconds 
  Import took 0.021486 seconds .

========================================================================
Received Import Request.
  Time since last request: 1.402598 seconds.
  path: Assets/ImportedAssets/Simple Foods/Prefab Form/Carrot.prefab
  artifactKey: Guid(6babded354a0947f5816d671762d9241) Importer(815301076,1909f56bfc062723c751e8b465ee728b)
Start importing Assets/ImportedAssets/Simple Foods/Prefab Form/Carrot.prefab using Guid(6babded354a0947f5816d671762d9241) Importer(815301076,1909f56bfc062723c751e8b465ee728b)  -> (artifact id: '5fbf20dd3c0b245116a98f34096a49ff') in 0.019424 seconds 
  Import took 0.022502 seconds .

========================================================================
Received Import Request.
  Time since last request: 0.548177 seconds.
  path: Assets/ImportedAssets/Simple Foods/Prefab Form/CheeseSlice.prefab
  artifactKey: Guid(62b03dc09f6b94275ada9c0d39e5b2d3) Importer(815301076,1909f56bfc062723c751e8b465ee728b)
Start importing Assets/ImportedAssets/Simple Foods/Prefab Form/CheeseSlice.prefab using Guid(62b03dc09f6b94275ada9c0d39e5b2d3) Importer(815301076,1909f56bfc062723c751e8b465ee728b)  -> (artifact id: '95873ab12b5018d770e83e39762f915f') in 0.012205 seconds 
  Import took 0.015062 seconds .

========================================================================
Received Import Request.
  Time since last request: 0.797547 seconds.
  path: Assets/ImportedAssets/Simple Foods/Prefab Form/Drumstick.prefab
  artifactKey: Guid(d1e3a6c529e9c4ecc9260a8dcbc4e6bc) Importer(815301076,1909f56bfc062723c751e8b465ee728b)
Start importing Assets/ImportedAssets/Simple Foods/Prefab Form/Drumstick.prefab using Guid(d1e3a6c529e9c4ecc9260a8dcbc4e6bc) Importer(815301076,1909f56bfc062723c751e8b465ee728b)  -> (artifact id: 'bf912c7345ad17f064712cd93b0cc3cf') in 0.011779 seconds 
  Import took 0.014731 seconds .

========================================================================
Received Import Request.
  Time since last request: 0.577084 seconds.
  path: Assets/ImportedAssets/Simple Foods/Prefab Form/CheeseWheel.prefab
  artifactKey: Guid(0d845b5caf3944589ade97bc7971118b) Importer(815301076,1909f56bfc062723c751e8b465ee728b)
Start importing Assets/ImportedAssets/Simple Foods/Prefab Form/CheeseWheel.prefab using Guid(0d845b5caf3944589ade97bc7971118b) Importer(815301076,1909f56bfc062723c751e8b465ee728b)  -> (artifact id: '856b07b10b229c0f057d160f3cdfda7b') in 0.012605 seconds 
  Import took 0.015609 seconds .

========================================================================
Received Import Request.
  Time since last request: 3.555791 seconds.
  path: Assets/ImportedAssets/Simple Foods/Prefab Form/BreadLoaf.prefab
  artifactKey: Guid(af155e0a2f2564df784cddcdf02341c1) Importer(815301076,1909f56bfc062723c751e8b465ee728b)
Start importing Assets/ImportedAssets/Simple Foods/Prefab Form/BreadLoaf.prefab using Guid(af155e0a2f2564df784cddcdf02341c1) Importer(815301076,1909f56bfc062723c751e8b465ee728b)  -> (artifact id: 'cf6ca46f4a57467579f48d740c023a36') in 0.048185 seconds 
  Import took 0.050981 seconds .

========================================================================
Received Prepare
Registering precompiled user dll's ...
Registered in 0.004135 seconds.
Begin MonoManager ReloadAssembly
Native extension for WindowsStandalone target not found
Native extension for WebGL target not found
Refreshing native plugins compatible for Editor in 0.66 ms, found 10 plugins.
Preloading 1 native plugins for Editor in 0.05 ms.
System.Reflection.TargetInvocationException: Exception has been thrown by the target of an invocation. ---> System.NullReferenceException: Object reference not set to an instance of an object
  at Unity.XR.Oculus.OculusLoader.AssetPathToAbsolutePath (System.String assetPath) [0x00048] in D:\SeniorProject\VR Kitchen\Library\PackageCache\com.unity.xr.oculus@1.11.0\Runtime\OculusLoader.cs:250 
  at Unity.XR.Oculus.OculusLoader.EditorLoadOVRPlugin () [0x0007b] in D:\SeniorProject\VR Kitchen\Library\PackageCache\com.unity.xr.oculus@1.11.0\Runtime\OculusLoader.cs:235 
  at (wrapper managed-to-native) System.Reflection.MonoMethod.InternalInvoke(System.Reflection.MonoMethod,object,object[],System.Exception&)
  at System.Reflection.MonoMethod.Invoke (System.Object obj, System.Reflection.BindingFlags invokeAttr, System.Reflection.Binder binder, System.Object[] parameters, System.Globalization.CultureInfo culture) [0x00032] in <695d1cc93cca45069c528c15c9fdd749>:0 
   --- End of inner exception stack trace ---
  at System.Reflection.MonoMethod.Invoke (System.Object obj, System.Reflection.BindingFlags invokeAttr, System.Reflection.Binder binder, System.Object[] parameters, System.Globalization.CultureInfo culture) [0x00048] in <695d1cc93cca45069c528c15c9fdd749>:0 
  at System.Reflection.MethodBase.Invoke (System.Object obj, System.Object[] parameters) [0x00000] in <695d1cc93cca45069c528c15c9fdd749>:0 
  at UnityEditor.EditorAssemblies.ProcessInitializeOnLoadMethodAttributes () [0x00047] in <7ac35247888b44f4a7e290f1f6bb33f3>:0 
UnityEngine.StackTraceUtility:ExtractStackTrace ()
UnityEngine.DebugLogHandler:LogFormat (UnityEngine.LogType,UnityEngine.Object,string,object[])
UnityEngine.Logger:Log (UnityEngine.LogType,object)
UnityEngine.Debug:LogError (object)
UnityEditor.EditorAssemblies:ProcessInitializeOnLoadMethodAttributes ()

Mono: successfully reloaded assembly
- Completed reload, in  0.755 seconds
Domain Reload Profiling:
	ReloadAssembly (755ms)
		BeginReloadAssembly (82ms)
			ExecutionOrderSort (0ms)
			DisableScriptedObjects (3ms)
			BackupInstance (0ms)
			ReleaseScriptingObjects (0ms)
			CreateAndSetChildDomain (27ms)
		EndReloadAssembly (632ms)
			LoadAssemblies (57ms)
			RebuildTransferFunctionScriptingTraits (0ms)
			SetupTypeCache (209ms)
			ReleaseScriptCaches (1ms)
			RebuildScriptCaches (25ms)
			SetupLoadedEditorAssemblies (268ms)
				LogAssemblyErrors (0ms)
				InitializePlatformSupportModulesInManaged (3ms)
				SetLoadedEditorAssemblies (0ms)
				RefreshPlugins (1ms)
				BeforeProcessingInitializeOnLoad (51ms)
				ProcessInitializeOnLoadAttributes (195ms)
				ProcessInitializeOnLoadMethodAttributes (14ms)
				AfterProcessingInitializeOnLoad (4ms)
				EditorAssembliesLoaded (0ms)
			ExecutionOrderSort2 (0ms)
			AwakeInstancesAfterBackupRestoration (4ms)
Platform modules already initialized, skipping
Switching build target platform(19) subTarget(0) extendedPlatform(0) -> platform(13) subTarget(524294) extendedPlatform(0)
Refreshing native plugins compatible for Editor in 0.72 ms, found 10 plugins.
Preloading 1 native plugins for Editor in 0.05 ms.
Unloading 2148 Unused Serialized files (Serialized files now loaded: 0)
System memory in use before: 104.2 MB.
System memory in use after: 104.4 MB.

Unloading 33 unused Assets to reduce memory usage. Loaded Objects now: 2603.
Total: 2.284600 ms (FindLiveObjects: 0.125300 ms CreateObjectMapping: 0.031700 ms MarkObjects: 2.105300 ms  DeleteObjects: 0.021500 ms)

AssetImportParameters requested are different than current active one (requested -> active):
  custom:framework-win-MediaFoundation: 216162199b28c13a410421893ffa2e32 -> 
  custom:video-decoder-ogg-theora: a1e56fd34408186e4bbccfd4996cb3dc -> 
  custom:container-muxer-webm: aa71ff27fc2769a1b78a27578f13a17b -> 
  custom:container-demuxer-webm: 4f35f7cbe854078d1ac9338744f61a02 -> 
  custom:container-demuxer-ogg: 62fdf1f143b41e24485cea50d1cbac27 -> 
  custom:video-encoder-webm-vp8: eb34c28f22e8b96e1ab97ce403110664 -> 
  custom:video-decoder-webm-vp8: 9c59270c3fd7afecdb556c50c9e8de78 -> 
  custom:graphics/normal-map-encoding: 01000000000000000000000000000000 -> 02000000000000000000000000000000
  custom:audio-decoder-ogg-vorbis: bf7c407c2cedff20999df2af8eb42d56 -> 
  custom:audio-encoder-webm-vorbis: bf7c407c2cedff20999df2af8eb42d56 -> 
